<?xml version="1.0" encoding="UTF-8"?>
<testng-results ignored="0" total="1" passed="0" failed="1" skipped="0">
  <reporter-output>
    <line>
      <![CDATA[SignIn Action is successfully perfomred]]>
    </line>
  </reporter-output>
  <suite started-at="2018-04-18T18:07:19Z" name="Default suite" finished-at="2018-04-18T18:07:59Z" duration-ms="39646">
    <groups>
    </groups>
    <test started-at="2018-04-18T18:07:19Z" name="Default test" finished-at="2018-04-18T18:07:59Z" duration-ms="39646">
      <class name="testCases.Framework_002">
        <test-method is-config="true" signature="beforeMethod()[pri:0, instance:testCases.Framework_002@6f45df59]" started-at="2018-04-18T18:07:19Z" name="beforeMethod" finished-at="2018-04-18T18:07:30Z" duration-ms="10592" status="PASS">
          <reporter-output>
          </reporter-output>
        </test-method> <!-- beforeMethod -->
        <test-method signature="f()[pri:0, instance:testCases.Framework_002@6f45df59]" started-at="2018-04-18T18:07:30Z" name="f" finished-at="2018-04-18T18:07:59Z" duration-ms="28913" status="FAIL">
          <exception class="java.io.FileNotFoundException">
            <message>
              <![CDATA[E:\eclipse-oxygen-workspace\ToolsQA\HybridFW\src\testData\TestData.xlsx (The process cannot access the file because it is being used by another process)]]>
            </message>
            <full-stacktrace>
              <![CDATA[java.io.FileNotFoundException: E:\eclipse-oxygen-workspace\ToolsQA\HybridFW\src\testData\TestData.xlsx (The process cannot access the file because it is being used by another process)
at java.base/java.io.FileOutputStream.open0(Native Method)
at java.base/java.io.FileOutputStream.open(Unknown Source)
at java.base/java.io.FileOutputStream.<init>(Unknown Source)
at java.base/java.io.FileOutputStream.<init>(Unknown Source)
at utility.ExcelUtils.setCellData(ExcelUtils.java:52)
at testCases.Framework_002.f(Framework_002.java:52)
at java.base/jdk.internal.reflect.NativeMethodAccessorImpl.invoke0(Native Method)
at java.base/jdk.internal.reflect.NativeMethodAccessorImpl.invoke(Unknown Source)
at java.base/jdk.internal.reflect.DelegatingMethodAccessorImpl.invoke(Unknown Source)
at java.base/java.lang.reflect.Method.invoke(Unknown Source)
at org.testng.internal.MethodInvocationHelper.invokeMethod(MethodInvocationHelper.java:124)
at org.testng.internal.Invoker.invokeMethod(Invoker.java:580)
at org.testng.internal.Invoker.invokeTestMethod(Invoker.java:716)
at org.testng.internal.Invoker.invokeTestMethods(Invoker.java:988)
at org.testng.internal.TestMethodWorker.invokeTestMethods(TestMethodWorker.java:125)
at org.testng.internal.TestMethodWorker.run(TestMethodWorker.java:109)
at org.testng.TestRunner.privateRun(TestRunner.java:648)
at org.testng.TestRunner.run(TestRunner.java:505)
at org.testng.SuiteRunner.runTest(SuiteRunner.java:455)
at org.testng.SuiteRunner.runSequentially(SuiteRunner.java:450)
at org.testng.SuiteRunner.privateRun(SuiteRunner.java:415)
at org.testng.SuiteRunner.run(SuiteRunner.java:364)
at org.testng.SuiteRunnerWorker.runSuite(SuiteRunnerWorker.java:52)
at org.testng.SuiteRunnerWorker.run(SuiteRunnerWorker.java:84)
at org.testng.TestNG.runSuitesSequentially(TestNG.java:1208)
at org.testng.TestNG.runSuitesLocally(TestNG.java:1137)
at org.testng.TestNG.runSuites(TestNG.java:1049)
at org.testng.TestNG.run(TestNG.java:1017)
at org.testng.remote.AbstractRemoteTestNG.run(AbstractRemoteTestNG.java:114)
at org.testng.remote.RemoteTestNG.initAndRun(RemoteTestNG.java:251)
at org.testng.remote.RemoteTestNG.main(RemoteTestNG.java:77)
]]>
            </full-stacktrace>
          </exception> <!-- java.io.FileNotFoundException -->
          <reporter-output>
            <line>
              <![CDATA[SignIn Action is successfully perfomred]]>
            </line>
          </reporter-output>
        </test-method> <!-- f -->
        <test-method is-config="true" signature="afterMethod()[pri:0, instance:testCases.Framework_002@6f45df59]" started-at="2018-04-18T18:07:59Z" name="afterMethod" finished-at="2018-04-18T18:07:59Z" duration-ms="109" status="PASS">
          <reporter-output>
          </reporter-output>
        </test-method> <!-- afterMethod -->
      </class> <!-- testCases.Framework_002 -->
    </test> <!-- Default test -->
  </suite> <!-- Default suite -->
</testng-results>
